<?xml version="1.0" encoding="UTF-8"?>
<!-- Generated by org.testng.reporters.JUnitXMLReporter -->
<testsuite hostname="DELL" name="Test" tests="4" failures="0" timestamp="9 Jan 2022 16:01:41 GMT" time="31.289" errors="0">
  <testcase name="Electronics" time="12.643" classname="com.qa.dlp.SeleniumProject.LoginTest"/>
  <testcase name="AccountDetails" time="18.608" classname="com.qa.dlp.SeleniumProject.LoginTest"/>
  <testcase name="Add" time="0.002" classname="com.qa.dlp.SeleniumProject.HomePageTest"/>
  <testcase name="Remove" time="0.002" classname="com.qa.dlp.SeleniumProject.HomePageTest"/>
</testsuite> <!-- Test -->
