<?xml version="1.0" encoding="UTF-8"?>
<testng-results skipped="0" failed="0" total="1" passed="1">
  <reporter-output>
  </reporter-output>
  <suite name="Default suite" duration-ms="27311" started-at="2021-11-28T06:15:59Z" finished-at="2021-11-28T06:16:26Z">
    <groups>
    </groups>
    <test name="Default test" duration-ms="27311" started-at="2021-11-28T06:15:59Z" finished-at="2021-11-28T06:16:26Z">
      <class name="com.qa.auto.Flipkart.LoginTest">
        <test-method status="PASS" signature="openbrowser()[pri:0, instance:com.qa.auto.Flipkart.LoginTest@16905e]" name="openbrowser" is-config="true" duration-ms="11151" started-at="2021-11-28T11:45:47Z" finished-at="2021-11-28T11:45:59Z">
          <reporter-output>
          </reporter-output>
        </test-method> <!-- openbrowser -->
        <test-method status="PASS" signature="launchapplicaiton()[pri:0, instance:com.qa.auto.Flipkart.LoginTest@16905e]" name="launchapplicaiton" is-config="true" duration-ms="20369" started-at="2021-11-28T11:45:59Z" finished-at="2021-11-28T11:46:19Z">
          <reporter-output>
          </reporter-output>
        </test-method> <!-- launchapplicaiton -->
        <test-method status="PASS" signature="login()[pri:1, instance:com.qa.auto.Flipkart.LoginTest@16905e]" name="login" duration-ms="4839" started-at="2021-11-28T11:46:19Z" finished-at="2021-11-28T11:46:24Z">
          <reporter-output>
          </reporter-output>
        </test-method> <!-- login -->
        <test-method status="PASS" signature="closingapplicaiton()[pri:0, instance:com.qa.auto.Flipkart.LoginTest@16905e]" name="closingapplicaiton" is-config="true" duration-ms="2059" started-at="2021-11-28T11:46:24Z" finished-at="2021-11-28T11:46:26Z">
          <reporter-output>
          </reporter-output>
        </test-method> <!-- closingapplicaiton -->
        <test-method status="PASS" signature="closingbrowser()[pri:0, instance:com.qa.auto.Flipkart.LoginTest@16905e]" name="closingbrowser" is-config="true" duration-ms="0" started-at="2021-11-28T11:46:26Z" finished-at="2021-11-28T11:46:26Z">
          <reporter-output>
          </reporter-output>
        </test-method> <!-- closingbrowser -->
      </class> <!-- com.qa.auto.Flipkart.LoginTest -->
    </test> <!-- Default test -->
  </suite> <!-- Default suite -->
</testng-results>
