<?xml version="1.0" encoding="UTF-8"?>
<testng-results skipped="0" failed="0" total="1" passed="1">
  <reporter-output>
  </reporter-output>
  <suite name="Amazon by packages" duration-ms="47257" started-at="2021-06-20T04:43:06Z" finished-at="2021-06-20T04:43:54Z">
    <groups>
    </groups>
    <test name="com.qa.am.Amazon" duration-ms="47257" started-at="2021-06-20T04:43:06Z" finished-at="2021-06-20T04:43:54Z">
      <class name="com.qa.am.Amazon.LoginTest">
        <test-method status="PASS" signature="InCorrectUser()[pri:0, instance:com.qa.am.Amazon.LoginTest@153f17c]" name="InCorrectUser" is-config="true" duration-ms="20771" started-at="2021-06-20T10:13:06Z" finished-at="2021-06-20T10:13:27Z">
          <reporter-output>
          </reporter-output>
        </test-method> <!-- InCorrectUser -->
        <test-method status="PASS" signature="CorrectUser()[pri:0, instance:com.qa.am.Amazon.LoginTest@153f17c]" name="CorrectUser" duration-ms="24421" started-at="2021-06-20T10:13:27Z" finished-at="2021-06-20T10:13:52Z">
          <reporter-output>
          </reporter-output>
        </test-method> <!-- CorrectUser -->
        <test-method status="PASS" signature="closeBrowser()[pri:0, instance:com.qa.am.Amazon.LoginTest@153f17c]" name="closeBrowser" is-config="true" duration-ms="1946" started-at="2021-06-20T10:13:52Z" finished-at="2021-06-20T10:13:54Z">
          <reporter-output>
          </reporter-output>
        </test-method> <!-- closeBrowser -->
      </class> <!-- com.qa.am.Amazon.LoginTest -->
    </test> <!-- com.qa.am.Amazon -->
  </suite> <!-- Amazon by packages -->
</testng-results>
