<?xml version="1.0" encoding="UTF-8"?>
<!-- Generated by org.testng.reporters.JUnitXMLReporter -->
<testsuite hostname="DELL" name="Regression" tests="3" failures="2" timestamp="7 Aug 2021 07:57:13 GMT" time="16.815" errors="0">
  <testcase name="login" time="3.526" classname="com.qa.auto.Flipkart.LoginTest"/>
  <testcase name="BUSHIRELOGIC" time="0.003" classname="com.qa.auto.Flipkart.HomeTest">
    <failure type="java.lang.NullPointerException">
      <![CDATA[java.lang.NullPointerException
	at com.qa.auto.Flipkart.Home.BUSHIRE(Home.java:21)
	at com.qa.auto.Flipkart.HomeTest.BUSHIRELOGIC(HomeTest.java:26)
... Removed 25 stack frames]]>
    </failure>
  </testcase> <!-- BUSHIRELOGIC -->
  <testcase name="TRIPLOGIC" time="0.002" classname="com.qa.auto.Flipkart.HomeTest">
    <failure type="java.lang.NullPointerException">
      <![CDATA[java.lang.NullPointerException
	at com.qa.auto.Flipkart.Home.Trip(Home.java:36)
	at com.qa.auto.Flipkart.HomeTest.TRIPLOGIC(HomeTest.java:36)
... Removed 25 stack frames]]>
    </failure>
  </testcase> <!-- TRIPLOGIC -->
</testsuite> <!-- Regression -->
